<?xml version="1.0" encoding="UTF-8"?>
<testsuite name="jpabook.jpashop.MemberRepositoryTest" tests="1" skipped="0" failures="0" errors="0" timestamp="2023-10-24T12:47:30" hostname="jeong-yeonjaeui-MacBookPro.local" time="0.304">
  <properties/>
  <testcase name="testMember()" classname="jpabook.jpashop.MemberRepositoryTest" time="0.304"/>
  <system-out><![CDATA[21:47:29.293 [Test worker] INFO org.springframework.test.context.support.AnnotationConfigContextLoaderUtils -- Could not detect default configuration classes for test class [jpabook.jpashop.MemberRepositoryTest]: MemberRepositoryTest does not declare any static, non-private, non-final, nested classes annotated with @Configuration.
21:47:29.333 [Test worker] INFO org.springframework.boot.test.context.SpringBootTestContextBootstrapper -- Found @SpringBootConfiguration jpabook.jpashop.JpashopApplication for test class jpabook.jpashop.MemberRepositoryTest

  .   ____          _            __ _ _
 /\\ / ___'_ __ _ _(_)_ __  __ _ \ \ \ \
( ( )\___ | '_ | '_| | '_ \/ _` | \ \ \ \
 \\/  ___)| |_)| | | | | || (_| |  ) ) ) )
  '  |____| .__|_| |_|_| |_\__, | / / / /
 =========|_|==============|___/=/_/_/_/
 :: Spring Boot ::                (v3.1.5)

2023-10-24T21:47:29.498+09:00  INFO 4683 --- [    Test worker] jpabook.jpashop.MemberRepositoryTest     : Starting MemberRepositoryTest using Java 17.0.7 with PID 4683 (started by jeong-yeonjae in /Users/jeong-yeonjae/Desktop/study/jpashop)
2023-10-24T21:47:29.499+09:00  INFO 4683 --- [    Test worker] jpabook.jpashop.MemberRepositoryTest     : No active profile set, falling back to 1 default profile: "default"
2023-10-24T21:47:29.747+09:00  INFO 4683 --- [    Test worker] .s.d.r.c.RepositoryConfigurationDelegate : Bootstrapping Spring Data JPA repositories in DEFAULT mode.
2023-10-24T21:47:29.758+09:00  INFO 4683 --- [    Test worker] .s.d.r.c.RepositoryConfigurationDelegate : Finished Spring Data repository scanning in 7 ms. Found 0 JPA repository interfaces.
2023-10-24T21:47:30.002+09:00  INFO 4683 --- [    Test worker] o.hibernate.jpa.internal.util.LogHelper  : HHH000204: Processing PersistenceUnitInfo [name: default]
2023-10-24T21:47:30.027+09:00  INFO 4683 --- [    Test worker] org.hibernate.Version                    : HHH000412: Hibernate ORM core version 6.2.13.Final
2023-10-24T21:47:30.028+09:00  INFO 4683 --- [    Test worker] org.hibernate.cfg.Environment            : HHH000406: Using bytecode reflection optimizer
2023-10-24T21:47:30.139+09:00  INFO 4683 --- [    Test worker] o.s.o.j.p.SpringPersistenceUnitInfo      : No LoadTimeWeaver setup: ignoring JPA class transformer
2023-10-24T21:47:30.153+09:00  INFO 4683 --- [    Test worker] com.zaxxer.hikari.HikariDataSource       : HikariPool-1 - Starting...
2023-10-24T21:47:30.193+09:00  INFO 4683 --- [    Test worker] com.zaxxer.hikari.pool.HikariPool        : HikariPool-1 - Added connection conn0: url=jdbc:h2:tcp://localhost/~/jpashop user=SA
2023-10-24T21:47:30.194+09:00  INFO 4683 --- [    Test worker] com.zaxxer.hikari.HikariDataSource       : HikariPool-1 - Start completed.
2023-10-24T21:47:30.510+09:00  INFO 4683 --- [    Test worker] o.h.e.t.j.p.i.JtaPlatformInitiator       : HHH000489: No JTA platform available (set 'hibernate.transaction.jta.platform' to enable JTA platform integration)
2023-10-24T21:47:30.515+09:00 DEBUG 4683 --- [    Test worker] org.hibernate.SQL                        : 
    drop table if exists member cascade 
2023-10-24T21:47:30.518+09:00  INFO 4683 --- [    Test worker] p6spy                                    : #1698151650518 | took 1ms | statement | connection 1| url jdbc:h2:tcp://localhost/~/jpashop

    drop table if exists member cascade 

    drop table if exists member cascade ;
2023-10-24T21:47:30.520+09:00 DEBUG 4683 --- [    Test worker] org.hibernate.SQL                        : 
    create table member (
        id bigint generated by default as identity,
        user_name varchar(255),
        primary key (id)
    )
2023-10-24T21:47:30.521+09:00  INFO 4683 --- [    Test worker] p6spy                                    : #1698151650521 | took 1ms | statement | connection 2| url jdbc:h2:tcp://localhost/~/jpashop

    create table member (
        id bigint generated by default as identity,
        user_name varchar(255),
        primary key (id)
    )

    create table member (
        id bigint generated by default as identity,
        user_name varchar(255),
        primary key (id)
    );
2023-10-24T21:47:30.522+09:00  INFO 4683 --- [    Test worker] j.LocalContainerEntityManagerFactoryBean : Initialized JPA EntityManagerFactory for persistence unit 'default'
2023-10-24T21:47:30.599+09:00  WARN 4683 --- [    Test worker] JpaBaseConfiguration$JpaWebConfiguration : spring.jpa.open-in-view is enabled by default. Therefore, database queries may be performed during view rendering. Explicitly configure spring.jpa.open-in-view to disable this warning
2023-10-24T21:47:30.755+09:00  INFO 4683 --- [    Test worker] jpabook.jpashop.MemberRepositoryTest     : Started MemberRepositoryTest in 1.369 seconds (process running for 1.813)
2023-10-24T21:47:31.044+09:00 DEBUG 4683 --- [    Test worker] org.hibernate.SQL                        : 
    insert 
    into
        member
        (user_name,id) 
    values
        (?,default)
2023-10-24T21:47:31.047+09:00 TRACE 4683 --- [    Test worker] org.hibernate.orm.jdbc.bind              : binding parameter [1] as [VARCHAR] - [memberA]
2023-10-24T21:47:31.050+09:00  INFO 4683 --- [    Test worker] p6spy                                    : #1698151651050 | took 1ms | statement | connection 3| url jdbc:h2:tcp://localhost/~/jpashop
insert into member (user_name,id) values (?,default)
insert into member (user_name,id) values ('memberA',default);
2023-10-24T21:47:31.062+09:00  INFO 4683 --- [    Test worker] p6spy                                    : #1698151651062 | took 0ms | rollback | connection 3| url jdbc:h2:tcp://localhost/~/jpashop

;
]]></system-out>
  <system-err><![CDATA[]]></system-err>
</testsuite>
